{
  "RSpec": {
    "coverage": {
      "C:/Users/jcedi/Desktop/CSCE_431/MemberPointTracker/spec/views/leaderboard_page_spec.rb": {
        "lines": [
          1,
          null,
          1,
          1,
          1,
          1,
          null,
          null,
          null,
          1,
          1,
          1,
          1,
          1,
          1,
          1,
          null,
          null,
          1,
          1,
          1,
          1,
          1,
          1,
          null,
          null,
          null,
          1,
          1,
          1,
          1,
          1,
          1,
          1,
          null,
          null,
          1,
          1,
          1,
          1,
          1,
          1,
          null,
          null,
          null,
          1,
          1,
          1,
          1,
          1,
          1,
          1,
          null,
          null,
          1,
          1,
          1,
          1,
          1,
          1,
          null,
          null,
          null
        ]
      },
      "C:/Users/jcedi/Desktop/CSCE_431/MemberPointTracker/spec/rails_helper.rb": {
        "lines": [
          null,
          1,
          1,
          1,
          null,
          1,
          1,
          null,
          null,
          null,
          null,
          null,
          null,
          null,
          null,
          null,
          null,
          null,
          null,
          null,
          null,
          null,
          null,
          null,
          null,
          null,
          null,
          1,
          null,
          0,
          0,
          null,
          1,
          null,
          1,
          null,
          null,
          null,
          null,
          1,
          null,
          null,
          null,
          null,
          null,
          null,
          null,
          null,
          null,
          null,
          null,
          null,
          null,
          null,
          null,
          null,
          null,
          1,
          null,
          null,
          1,
          null,
          null,
          null
        ]
      },
      "C:/Users/jcedi/Desktop/CSCE_431/MemberPointTracker/config/environment.rb": {
        "lines": [
          null,
          1,
          null,
          null,
          1
        ]
      },
      "C:/Users/jcedi/Desktop/CSCE_431/MemberPointTracker/config/application.rb": {
        "lines": [
          1,
          null,
          1,
          1,
          null,
          null,
          null,
          null,
          1,
          null,
          1,
          1,
          null,
          1,
          null,
          null,
          null,
          null,
          null,
          null
        ]
      },
      "C:/Users/jcedi/Desktop/CSCE_431/MemberPointTracker/config/boot.rb": {
        "lines": [
          1,
          null,
          1,
          1
        ]
      },
      "C:/Users/jcedi/Desktop/CSCE_431/MemberPointTracker/config/environments/development.rb": {
        "lines": [
          1,
          null,
          null,
          null,
          null,
          null,
          1,
          null,
          null,
          1,
          null,
          null,
          1,
          null,
          null,
          null,
          1,
          0,
          0,
          null,
          0,
          0,
          null,
          null,
          null,
          1,
          null,
          1,
          null,
          null,
          null,
          1,
          null,
          null,
          1,
          null,
          1,
          null,
          null,
          1,
          null,
          null,
          1,
          null,
          null,
          1,
          null,
          null,
          null,
          null,
          1,
          null,
          null,
          1,
          null,
          null,
          null,
          null,
          null,
          null,
          null,
          null
        ]
      },
      "C:/Users/jcedi/Desktop/CSCE_431/MemberPointTracker/config/initializers/application_controller_renderer.rb": {
        "lines": [
          null,
          null,
          null,
          null,
          null,
          null,
          null,
          null
        ]
      },
      "C:/Users/jcedi/Desktop/CSCE_431/MemberPointTracker/config/initializers/assets.rb": {
        "lines": [
          null,
          null,
          null,
          1,
          null,
          null,
          null,
          null,
          1,
          null,
          null,
          null,
          null,
          null
        ]
      },
      "C:/Users/jcedi/Desktop/CSCE_431/MemberPointTracker/config/initializers/backtrace_silencers.rb": {
        "lines": [
          null,
          null,
          null,
          null,
          null,
          null,
          null
        ]
      },
      "C:/Users/jcedi/Desktop/CSCE_431/MemberPointTracker/config/initializers/content_security_policy.rb": {
        "lines": [
          null,
          null,
          null,
          null,
          null,
          null,
          null,
          null,
          null,
          null,
          null,
          null,
          null,
          null,
          null,
          null,
          null,
          null,
          null,
          null,
          null,
          null,
          null,
          null,
          null,
          null,
          null,
          null,
          null,
          null
        ]
      },
      "C:/Users/jcedi/Desktop/CSCE_431/MemberPointTracker/config/initializers/cookies_serializer.rb": {
        "lines": [
          null,
          null,
          null,
          null,
          1
        ]
      },
      "C:/Users/jcedi/Desktop/CSCE_431/MemberPointTracker/config/initializers/filter_parameter_logging.rb": {
        "lines": [
          null,
          null,
          null,
          1
        ]
      },
      "C:/Users/jcedi/Desktop/CSCE_431/MemberPointTracker/config/initializers/inflections.rb": {
        "lines": [
          null,
          null,
          null,
          null,
          null,
          null,
          null,
          null,
          null,
          null,
          null,
          null,
          null,
          null,
          null,
          null
        ]
      },
      "C:/Users/jcedi/Desktop/CSCE_431/MemberPointTracker/config/initializers/mime_types.rb": {
        "lines": [
          null,
          null,
          null,
          null
        ]
      },
      "C:/Users/jcedi/Desktop/CSCE_431/MemberPointTracker/config/initializers/time_formats.rb": {
        "lines": [
          1
        ]
      },
      "C:/Users/jcedi/Desktop/CSCE_431/MemberPointTracker/config/initializers/wrap_parameters.rb": {
        "lines": [
          null,
          null,
          null,
          null,
          null,
          null,
          1,
          2,
          null,
          null,
          null,
          null,
          null,
          null
        ]
      },
      "C:/Users/jcedi/Desktop/CSCE_431/MemberPointTracker/config/routes.rb": {
        "lines": [
          1,
          null,
          null,
          1,
          null,
          null,
          1,
          1,
          1,
          1,
          1,
          null,
          1,
          1,
          null,
          1,
          null,
          null,
          1,
          1,
          1,
          1,
          null,
          null,
          null,
          1,
          1,
          1,
          1,
          null,
          null,
          null,
          1,
          1,
          1,
          1,
          null,
          null,
          null,
          null
        ]
      },
      "C:/Users/jcedi/Desktop/CSCE_431/MemberPointTracker/app/helpers/application_helper.rb": {
        "lines": [
          1,
          1,
          0,
          0,
          0,
          0,
          null,
          null,
          1,
          0,
          0,
          0,
          0,
          null,
          null,
          1,
          0,
          0,
          0,
          0,
          null,
          null,
          null
        ]
      },
      "C:/Users/jcedi/Desktop/CSCE_431/MemberPointTracker/app/helpers/leaderboard_helper.rb": {
        "lines": [
          1,
          null
        ]
      },
      "C:/Users/jcedi/Desktop/CSCE_431/MemberPointTracker/app/helpers/members_helper.rb": {
        "lines": [
          1,
          null
        ]
      },
      "C:/Users/jcedi/Desktop/CSCE_431/MemberPointTracker/app/helpers/officers_helper.rb": {
        "lines": [
          1,
          null
        ]
      },
      "C:/Users/jcedi/Desktop/CSCE_431/MemberPointTracker/app/controllers/application_controller.rb": {
        "lines": [
          1,
          1,
          null
        ]
      },
      "C:/Users/jcedi/Desktop/CSCE_431/MemberPointTracker/app/controllers/leaderboard_controller.rb": {
        "lines": [
          1,
          1,
          null,
          null,
          null,
          null,
          null,
          null,
          null,
          null,
          null,
          null,
          null,
          null,
          null,
          null,
          null,
          null,
          null,
          null,
          null,
          null,
          null,
          null,
          null,
          null,
          null,
          null,
          null,
          null,
          null,
          null,
          null,
          null,
          null,
          1,
          13,
          13,
          null,
          13,
          3,
          null,
          13,
          null,
          13,
          null,
          2,
          2,
          2,
          2,
          2,
          2,
          2,
          8,
          8,
          6,
          6,
          null,
          2,
          null,
          8,
          8,
          8,
          8,
          8,
          7,
          null,
          null,
          null,
          11,
          null,
          2,
          2,
          2,
          2,
          2,
          2,
          2,
          4,
          4,
          2,
          2,
          null,
          2,
          null,
          4,
          null,
          4,
          4,
          4,
          4,
          4,
          null,
          null,
          null,
          9,
          null,
          2,
          null,
          2,
          2,
          null,
          2,
          2,
          2,
          2,
          2,
          2,
          2,
          2,
          14,
          14,
          10,
          10,
          null,
          4,
          null,
          14,
          null,
          14,
          14,
          14,
          14,
          9,
          null,
          null,
          null,
          null,
          null,
          13,
          26,
          null,
          null,
          null,
          null,
          null,
          null
        ]
      },
      "C:/Users/jcedi/Desktop/CSCE_431/MemberPointTracker/app/models/member.rb": {
        "lines": [
          1,
          null,
          1,
          null,
          1,
          null,
          null,
          null,
          1,
          0,
          null,
          0,
          0,
          null,
          0,
          null,
          0,
          null,
          null,
          null,
          null,
          null
        ]
      },
      "C:/Users/jcedi/Desktop/CSCE_431/MemberPointTracker/app/models/application_record.rb": {
        "lines": [
          1,
          1,
          null
        ]
      },
      "C:/Users/jcedi/Desktop/CSCE_431/MemberPointTracker/app/models/officer.rb": {
        "lines": [
          1,
          1,
          null,
          1,
          null,
          1,
          0,
          null,
          0,
          0,
          null,
          0,
          null,
          0,
          null,
          null,
          null,
          null
        ]
      }
    },
    "timestamp": 1604806897
  }
}
